#
# A fatal error has been detected by the Java Runtime Environment:
#
#  Internal Error (relocInfo_x86.cpp:159), pid=2076, tid=10568
#  guarantee(which == Assembler::imm_operand) failed: must be immediate operand
#
# JRE version: OpenJDK Runtime Environment Temurin-21.0.8+9 (21.0.8+9) (build 21.0.8+9-LTS)
# Java VM: OpenJDK 64-Bit Server VM Temurin-21.0.8+9 (21.0.8+9-LTS, mixed mode, sharing, tiered, compressed oops, compressed class ptrs, parallel gc, windows-amd64)
# No core dump will be written. Minidumps are not enabled by default on client versions of Windows
#
# If you would like to submit a bug report, please visit:
#   https://github.com/adoptium/adoptium-support/issues
#

---------------  S U M M A R Y ------------

Command Line: --add-modules=ALL-SYSTEM --add-opens=java.base/java.util=ALL-UNNAMED --add-opens=java.base/java.lang=ALL-UNNAMED --add-opens=java.base/sun.nio.fs=ALL-UNNAMED -Declipse.application=org.eclipse.jdt.ls.core.id1 -Dosgi.bundles.defaultStartLevel=4 -Declipse.product=org.eclipse.jdt.ls.core.product -Djava.import.generatesMetadataFilesAtProjectRoot=false -DDetectVMInstallationsJob.disabled=true -Dfile.encoding=utf8 -XX:+UseParallelGC -XX:GCTimeRatio=4 -XX:AdaptiveSizePolicyWeight=90 -Dsun.zip.disableMemoryMapping=true -Xmx2G -Xms100m -Xlog:disable -javaagent:c:\Users\thuye\.vscode\extensions\redhat.java-1.44.0-win32-x64\lombok\lombok-1.18.39-4050.jar -XX:+HeapDumpOnOutOfMemoryError -XX:HeapDumpPath=c:\Users\thuye\AppData\Roaming\Code\User\workspaceStorage\fbc1b6902c9b655d86d16ad90f369ca1\redhat.java -Daether.dependencyCollector.impl=bf c:\Users\thuye\.vscode\extensions\redhat.java-1.44.0-win32-x64\server\plugins\org.eclipse.equinox.launcher_1.7.0.v20250519-0528.jar -configuration c:\Users\thuye\AppData\Roaming\Code\User\globalStorage\redhat.java\1.44.0\config_win -data c:\Users\thuye\AppData\Roaming\Code\User\workspaceStorage\fbc1b6902c9b655d86d16ad90f369ca1\redhat.java\jdt_ws --pipe=\\.\pipe\lsp-940d5eede3cfb8120d6056fa6e3b3e88-sock

Host: Intel(R) Core(TM) i5-6300U CPU @ 2.40GHz, 4 cores, 7G,  Windows 10 , 64 bit Build 19041 (10.0.19041.5915)
Time: Sun Aug  3 13:41:14 2025 SE Asia Standard Time elapsed time: 5655.358700 seconds (0d 1h 34m 15s)

---------------  T H R E A D  ---------------

Current thread (0x000002a36fded730):  VMThread "VM Thread"          [id=10568, stack(0x000000edd5600000,0x000000edd5700000) (1024K)]

Stack: [0x000000edd5600000,0x000000edd5700000]
Native frames: (J=compiled Java code, j=interpreted, Vv=VM code, C=native code)
V  [jvm.dll+0x6d2449]
V  [jvm.dll+0x8ae341]
V  [jvm.dll+0x8b08be]
V  [jvm.dll+0x8b0f57]
V  [jvm.dll+0x280c17]
V  [jvm.dll+0x722f13]
V  [jvm.dll+0x720f95]
V  [jvm.dll+0x6a7aaa]
V  [jvm.dll+0x373f87]
V  [jvm.dll+0x373fd5]
V  [jvm.dll+0x6a5d76]
V  [jvm.dll+0x6a51b8]
V  [jvm.dll+0x2325d1]
V  [jvm.dll+0x70ce28]
V  [jvm.dll+0x70c466]
V  [jvm.dll+0x70c02d]
V  [jvm.dll+0x712cbc]
V  [jvm.dll+0x8b6cbf]
V  [jvm.dll+0x8b8044]
V  [jvm.dll+0x8b8580]
V  [jvm.dll+0x8b8823]
V  [jvm.dll+0x857e6b]
V  [jvm.dll+0x6d0b0d]
C  [ucrtbase.dll+0x21bb2]
C  [KERNEL32.DLL+0x17374]
C  [ntdll.dll+0x4cc91]

VM_Operation (0x000000edd5efe590): ParallelGCSystemGC, mode: safepoint, requested by thread 0x000002a37778a480


---------------  P R O C E S S  ---------------

Threads class SMR info:
_java_thread_list=0x000002a3507e3be0, length=38, elements={
0x000002a36fd30230, 0x000002a377709620, 0x000002a37770af20, 0x000002a37770caa0,
0x000002a37770d9b0, 0x000002a37770f770, 0x000002a3777121d0, 0x000002a377713000,
0x000002a37778a480, 0x000002a3783d8190, 0x000002a3786b7300, 0x000002a378af7f70,
0x000002a378f91090, 0x000002a378f36f90, 0x000002a378f51f30, 0x000002a37d315e30,
0x000002a378c029a0, 0x000002a378a33280, 0x000002a378a311b0, 0x000002a37d8e5270,
0x000002a37d8e79d0, 0x000002a37d8e8060, 0x000002a37d8e6cb0, 0x000002a37d8ea130,
0x000002a37d8ea7c0, 0x000002a37d8e86f0, 0x000002a37d8e8d80, 0x000002a37d8eb4e0,
0x000002a37ef4ed80, 0x000002a37ef50130, 0x000002a37ef4f410, 0x000002a37ef514e0,
0x000002a37ef4e6f0, 0x000002a378a31840, 0x000002a37d8e7340, 0x000002a37d8e5f90,
0x000002a359e959c0, 0x000002a359e93f80
}

Java Threads: ( => current thread )
  0x000002a36fd30230 JavaThread "main"                              [_thread_blocked, id=3636, stack(0x000000edd5300000,0x000000edd5400000) (1024K)]
  0x000002a377709620 JavaThread "Reference Handler"          daemon [_thread_blocked, id=12480, stack(0x000000edd5700000,0x000000edd5800000) (1024K)]
  0x000002a37770af20 JavaThread "Finalizer"                  daemon [_thread_blocked, id=436, stack(0x000000edd5800000,0x000000edd5900000) (1024K)]
  0x000002a37770caa0 JavaThread "Signal Dispatcher"          daemon [_thread_blocked, id=6416, stack(0x000000edd5900000,0x000000edd5a00000) (1024K)]
  0x000002a37770d9b0 JavaThread "Attach Listener"            daemon [_thread_blocked, id=10336, stack(0x000000edd5a00000,0x000000edd5b00000) (1024K)]
  0x000002a37770f770 JavaThread "Service Thread"             daemon [_thread_blocked, id=1904, stack(0x000000edd5b00000,0x000000edd5c00000) (1024K)]
  0x000002a3777121d0 JavaThread "Monitor Deflation Thread"   daemon [_thread_blocked, id=12904, stack(0x000000edd5c00000,0x000000edd5d00000) (1024K)]
  0x000002a377713000 JavaThread "C2 CompilerThread0"         daemon [_thread_blocked, id=9656, stack(0x000000edd5d00000,0x000000edd5e00000) (1024K)]
  0x000002a37778a480 JavaThread "C1 CompilerThread0"         daemon [_thread_blocked, id=14492, stack(0x000000edd5e00000,0x000000edd5f00000) (1024K)]
  0x000002a3783d8190 JavaThread "Common-Cleaner"             daemon [_thread_blocked, id=6284, stack(0x000000edd5f00000,0x000000edd6000000) (1024K)]
  0x000002a3786b7300 JavaThread "Notification Thread"        daemon [_thread_blocked, id=12392, stack(0x000000edd6100000,0x000000edd6200000) (1024K)]
  0x000002a378af7f70 JavaThread "Active Thread: Equinox Container: fe4e57e8-b56b-4c31-b7bb-98b0b62c0811"        [_thread_blocked, id=13156, stack(0x000000edd6000000,0x000000edd6100000) (1024K)]
  0x000002a378f91090 JavaThread "Refresh Thread: Equinox Container: fe4e57e8-b56b-4c31-b7bb-98b0b62c0811" daemon [_thread_blocked, id=11740, stack(0x000000edd6500000,0x000000edd6600000) (1024K)]
  0x000002a378f36f90 JavaThread "Framework Event Dispatcher: Equinox Container: fe4e57e8-b56b-4c31-b7bb-98b0b62c0811" daemon [_thread_blocked, id=6172, stack(0x000000edd6600000,0x000000edd6700000) (1024K)]
  0x000002a378f51f30 JavaThread "Start Level: Equinox Container: fe4e57e8-b56b-4c31-b7bb-98b0b62c0811" daemon [_thread_blocked, id=5056, stack(0x000000edd6700000,0x000000edd6800000) (1024K)]
  0x000002a37d315e30 JavaThread "Bundle File Closer"         daemon [_thread_blocked, id=8872, stack(0x000000edd6900000,0x000000edd6a00000) (1024K)]
  0x000002a378c029a0 JavaThread "SCR Component Actor"        daemon [_thread_blocked, id=8456, stack(0x000000edd6800000,0x000000edd6900000) (1024K)]
  0x000002a378a33280 JavaThread "Worker-JM"                         [_thread_blocked, id=8972, stack(0x000000edd6b00000,0x000000edd6c00000) (1024K)]
  0x000002a378a311b0 JavaThread "Java indexing"              daemon [_thread_blocked, id=8, stack(0x000000edd7100000,0x000000edd7200000) (1024K)]
  0x000002a37d8e5270 JavaThread "JNA Cleaner"                daemon [_thread_blocked, id=8932, stack(0x000000edd7300000,0x000000edd7400000) (1024K)]
  0x000002a37d8e79d0 JavaThread "Thread-2"                   daemon [_thread_in_native, id=1676, stack(0x000000edd7700000,0x000000edd7800000) (1024K)]
  0x000002a37d8e8060 JavaThread "Thread-3"                   daemon [_thread_in_native, id=12532, stack(0x000000edd7800000,0x000000edd7900000) (1024K)]
  0x000002a37d8e6cb0 JavaThread "Thread-4"                   daemon [_thread_in_native, id=6048, stack(0x000000edd7900000,0x000000edd7a00000) (1024K)]
  0x000002a37d8ea130 JavaThread "Thread-5"                   daemon [_thread_in_native, id=15108, stack(0x000000edd7a00000,0x000000edd7b00000) (1024K)]
  0x000002a37d8ea7c0 JavaThread "Thread-6"                   daemon [_thread_blocked, id=8240, stack(0x000000edd7b00000,0x000000edd7c00000) (1024K)]
  0x000002a37d8e86f0 JavaThread "pool-2-thread-1"                   [_thread_blocked, id=10852, stack(0x000000edd7c00000,0x000000edd7d00000) (1024K)]
  0x000002a37d8e8d80 JavaThread "WorkspaceEventsHandler"            [_thread_blocked, id=13804, stack(0x000000edd6a00000,0x000000edd6b00000) (1024K)]
  0x000002a37d8eb4e0 JavaThread "pool-1-thread-1"                   [_thread_blocked, id=15508, stack(0x000000edd7d00000,0x000000edd7e00000) (1024K)]
  0x000002a37ef4ed80 JavaThread "Worker-7: Publish Diagnostics"        [_thread_blocked, id=1972, stack(0x000000edd5200000,0x000000edd5300000) (1024K)]
  0x000002a37ef50130 JavaThread "Worker-8"                          [_thread_blocked, id=16224, stack(0x000000edd5100000,0x000000edd5200000) (1024K)]
  0x000002a37ef4f410 JavaThread "ForkJoinPool.commonPool-worker-6" daemon [_thread_blocked, id=16056, stack(0x000000edd6c00000,0x000000edd6d00000) (1024K)]
  0x000002a37ef514e0 JavaThread "ForkJoinPool.commonPool-worker-7" daemon [_thread_blocked, id=13528, stack(0x000000edd6d00000,0x000000edd6e00000) (1024K)]
  0x000002a37ef4e6f0 JavaThread "ForkJoinPool.commonPool-worker-8" daemon [_thread_blocked, id=5808, stack(0x000000edd6e00000,0x000000edd6f00000) (1024K)]
  0x000002a378a31840 JavaThread "Cleaner-0"                  daemon [_thread_blocked, id=8772, stack(0x000000edd6f00000,0x000000edd7000000) (1024K)]
  0x000002a37d8e7340 JavaThread "Worker-9"                          [_thread_blocked, id=5696, stack(0x000000edd7000000,0x000000edd7100000) (1024K)]
  0x000002a37d8e5f90 JavaThread "Worker-10"                         [_thread_blocked, id=16284, stack(0x000000edd7400000,0x000000edd7500000) (1024K)]
  0x000002a359e959c0 JavaThread "Compiler Source File Reader" daemon [_thread_blocked, id=15464, stack(0x000000edd7200000,0x000000edd7300000) (1024K)]
  0x000002a359e93f80 JavaThread "Compiler Processing Task"   daemon [_thread_blocked, id=7772, stack(0x000000edd7500000,0x000000edd7600000) (1024K)]
Total: 38

Other Threads:
=>0x000002a36fded730 VMThread "VM Thread"                           [id=10568, stack(0x000000edd5600000,0x000000edd5700000) (1024K)]
  0x000002a36fd9bc30 WatcherThread "VM Periodic Task Thread"        [id=15536, stack(0x000000edd5500000,0x000000edd5600000) (1024K)]
  0x000002a36fd4d370 WorkerThread "GC Thread#0"                     [id=9980, stack(0x000000edd5400000,0x000000edd5500000) (1024K)]
  0x000002a378c3d650 WorkerThread "GC Thread#1"                     [id=11724, stack(0x000000edd6200000,0x000000edd6300000) (1024K)]
  0x000002a378c3d9f0 WorkerThread "GC Thread#2"                     [id=7436, stack(0x000000edd6300000,0x000000edd6400000) (1024K)]
  0x000002a378c3dd90 WorkerThread "GC Thread#3"                     [id=6984, stack(0x000000edd6400000,0x000000edd6500000) (1024K)]
Total: 6

Threads with active compile tasks:
C2 CompilerThread0  5655440 17022       4       org.eclipse.jdt.internal.core.JavaProject::equals (38 bytes)
C1 CompilerThread0  5655441 17027       3       org.eclipse.jdt.internal.compiler.parser.ScannerHelper::isJavaIdentifierPart (143 bytes)
Total: 2

VM state: at safepoint (normal execution)

VM Mutex/Monitor currently owned by a thread:  ([mutex/lock_event])
[0x00007ffacdab5458] Threads_lock - owner thread: 0x000002a36fded730
[0x00007ffacdab5558] Heap_lock - owner thread: 0x000002a37778a480

Heap address: 0x0000000080000000, size: 2048 MB, Compressed Oops mode: 32-bit

CDS archive(s) mapped at: [0x000002a30f000000-0x000002a30fba0000-0x000002a30fba0000), size 12189696, SharedBaseAddress: 0x000002a30f000000, ArchiveRelocationMode: 1.
Compressed class space mapped at: 0x000002a310000000-0x000002a350000000, reserved size: 1073741824
Narrow klass base: 0x000002a30f000000, Narrow klass shift: 0, Narrow klass range: 0x100000000

GC Precious Log:
 CardTable entry size: 512
 CPUs: 4 total, 4 available
 Memory: 8070M
 Large Page Support: Disabled
 NUMA Support: Disabled
 Compressed Oops: Enabled (32-bit)
 Alignments: Space 512K, Generation 512K, Heap 2M
 Heap Min Capacity: 100M
 Heap Initial Capacity: 100M
 Heap Max Capacity: 2G
 Pre-touch: Disabled
 Parallel Workers: 4

Heap:
 PSYoungGen      total 2560K, used 352K [0x00000000d5580000, 0x00000000d5a80000, 0x0000000100000000)
  eden space 2048K, 0% used [0x00000000d5580000,0x00000000d5580000,0x00000000d5780000)
  from space 512K, 68% used [0x00000000d5980000,0x00000000d59d8000,0x00000000d5a00000)
  to   space 512K, 0% used [0x00000000d5a00000,0x00000000d5a00000,0x00000000d5a80000)
 ParOldGen       total 982528K, used 982470K [0x0000000080000000, 0x00000000bbf80000, 0x00000000d5580000)
  object space 982528K, 99% used [0x0000000080000000,0x00000000bbf71868,0x00000000bbf80000)
 Metaspace       used 80194K, committed 81792K, reserved 1179648K
  class space    used 8321K, committed 9088K, reserved 1048576K

Card table byte_map: [0x000002a36f710000,0x000002a36fb20000] _byte_map_base: 0x000002a36f310000

Marking Bits: (ParMarkBitMap*) 0x00007ffacdaba340
 Begin Bits: [0x000002a3731e0000, 0x000002a3751e0000)
 End Bits:   [0x000002a3751e0000, 0x000002a3771e0000)

Polling page: 0x000002a36f500000

Metaspace:

Usage:
  Non-class:     70.19 MB used.
      Class:      8.13 MB used.
       Both:     78.32 MB used.

Virtual space:
  Non-class space:      128.00 MB reserved,      71.00 MB ( 55%) committed,  2 nodes.
      Class space:        1.00 GB reserved,       8.88 MB ( <1%) committed,  1 nodes.
             Both:        1.12 GB reserved,      79.88 MB (  7%) committed. 

Chunk freelists:
   Non-Class:  8.75 MB
       Class:  7.06 MB
        Both:  15.81 MB

MaxMetaspaceSize: unlimited
CompressedClassSpaceSize: 1.00 GB
Initial GC threshold: 21.00 MB
Current GC threshold: 97.31 MB
CDS: on
 - commit_granule_bytes: 65536.
 - commit_granule_words: 8192.
 - virtual_space_node_default_size: 8388608.
 - enlarge_chunks_in_place: 1.
 - use_allocation_guard: 0.


Internal statistics:

num_allocs_failed_limit: 9.
num_arena_births: 1284.
num_arena_deaths: 18.
num_vsnodes_births: 3.
num_vsnodes_deaths: 0.
num_space_committed: 1278.
num_space_uncommitted: 0.
num_chunks_returned_to_freelist: 29.
num_chunks_taken_from_freelist: 4923.
num_chunk_merges: 14.
num_chunk_splits: 2997.
num_chunks_enlarged: 1718.
num_inconsistent_stats: 0.

CodeHeap 'non-profiled nmethods': size=120000Kb used=15223Kb max_used=15223Kb free=104776Kb
 bounds [0x000002a307ad0000, 0x000002a3089b0000, 0x000002a30f000000]
CodeHeap 'profiled nmethods': size=120000Kb used=39180Kb max_used=39180Kb free=80819Kb
 bounds [0x000002a300000000, 0x000002a302650000, 0x000002a307530000]
CodeHeap 'non-nmethods': size=5760Kb used=1506Kb max_used=1643Kb free=4253Kb
 bounds [0x000002a307530000, 0x000002a3077a0000, 0x000002a307ad0000]
CodeCache: size=245760Kb, used=55909Kb, max_used=56046Kb, free=189848Kb
 total_blobs=17035, nmethods=16208, adapters=730, full_count=0
Compilation: enabled, stopped_count=0, restarted_count=0

Compilation events (20 events):
Event: 5654.056 Thread 0x000002a37778a480 17016       3       org.eclipse.jface.text.TreeLineTracker::offsetByLine (97 bytes)
Event: 5654.057 Thread 0x000002a37778a480 nmethod 17016 0x000002a30263d210 code [0x000002a30263d400, 0x000002a30263d7b8]
Event: 5654.057 Thread 0x000002a37778a480 17017       3       org.eclipse.jface.text.TreeLineTracker::getLineOffset (6 bytes)
Event: 5654.057 Thread 0x000002a37778a480 nmethod 17017 0x000002a30263d990 code [0x000002a30263db40, 0x000002a30263dc78]
Event: 5654.059 Thread 0x000002a37778a480 17019       3       org.eclipse.jface.text.TreeLineTracker::lineByOffset (102 bytes)
Event: 5654.059 Thread 0x000002a37778a480 nmethod 17019 0x000002a30263dd10 code [0x000002a30263df00, 0x000002a30263e308]
Event: 5654.059 Thread 0x000002a37778a480 17020       3       org.eclipse.jdt.internal.core.manipulation.JavaElementLabelComposerCore::getFlag (12 bytes)
Event: 5654.060 Thread 0x000002a37778a480 nmethod 17020 0x000002a30263e490 code [0x000002a30263e640, 0x000002a30263e798]
Event: 5654.060 Thread 0x000002a37778a480 17018       3       org.eclipse.jface.text.TreeLineTracker::getLineNumberOfOffset (6 bytes)
Event: 5654.060 Thread 0x000002a37778a480 nmethod 17018 0x000002a30263e810 code [0x000002a30263e9c0, 0x000002a30263eaf8]
Event: 5654.108 Thread 0x000002a37778a480 17021   !   3       org.eclipse.jdt.internal.core.JavaModelManager::getWorkingCopies (255 bytes)
Event: 5654.108 Thread 0x000002a377713000 17022       4       org.eclipse.jdt.internal.core.JavaProject::equals (38 bytes)
Event: 5654.109 Thread 0x000002a37778a480 nmethod 17021 0x000002a30263eb90 code [0x000002a30263eec0, 0x000002a3026409d8]
Event: 5654.113 Thread 0x000002a37778a480 17023       3       org.eclipse.jdt.internal.compiler.parser.AbstractCommentParser::setSourceComplianceLevel (61 bytes)
Event: 5654.114 Thread 0x000002a37778a480 nmethod 17023 0x000002a302641690 code [0x000002a302641840, 0x000002a3026419c0]
Event: 5654.114 Thread 0x000002a37778a480 17024   !   3       org.eclipse.jdt.internal.core.PackageFragment::validateExistence (64 bytes)
Event: 5654.115 Thread 0x000002a37778a480 nmethod 17024 0x000002a302641a90 code [0x000002a302641d00, 0x000002a3026429b8]
Event: 5654.117 Thread 0x000002a37778a480 17026       3       org.eclipse.jdt.internal.compiler.lookup.LookupEnvironment$CompleteTypeBindingsSteps::next (23 bytes)
Event: 5654.117 Thread 0x000002a37778a480 nmethod 17026 0x000002a302642d10 code [0x000002a302642ec0, 0x000002a3026430a0]
Event: 5654.118 Thread 0x000002a37778a480 17027       3       org.eclipse.jdt.internal.compiler.parser.ScannerHelper::isJavaIdentifierPart (143 bytes)

GC Heap History (20 events):
Event: 5650.863 GC heap after
{Heap after GC invocations=1337 (full 3):
 PSYoungGen      total 2560K, used 410K [0x00000000d5580000, 0x00000000d5a80000, 0x0000000100000000)
  eden space 2048K, 0% used [0x00000000d5580000,0x00000000d5580000,0x00000000d5780000)
  from space 512K, 80% used [0x00000000d5a00000,0x00000000d5a66900,0x00000000d5a80000)
  to   space 512K, 0% used [0x00000000d5980000,0x00000000d5980000,0x00000000d5a00000)
 ParOldGen       total 981504K, used 981211K [0x0000000080000000, 0x00000000bbe80000, 0x00000000d5580000)
  object space 981504K, 99% used [0x0000000080000000,0x00000000bbe36fc8,0x00000000bbe80000)
 Metaspace       used 80089K, committed 81728K, reserved 1179648K
  class space    used 8320K, committed 9088K, reserved 1048576K
}
Event: 5651.166 GC heap before
{Heap before GC invocations=1338 (full 3):
 PSYoungGen      total 2560K, used 2458K [0x00000000d5580000, 0x00000000d5a80000, 0x0000000100000000)
  eden space 2048K, 99% used [0x00000000d5580000,0x00000000d577fff8,0x00000000d5780000)
  from space 512K, 80% used [0x00000000d5a00000,0x00000000d5a66900,0x00000000d5a80000)
  to   space 512K, 0% used [0x00000000d5980000,0x00000000d5980000,0x00000000d5a00000)
 ParOldGen       total 981504K, used 981211K [0x0000000080000000, 0x00000000bbe80000, 0x00000000d5580000)
  object space 981504K, 99% used [0x0000000080000000,0x00000000bbe36fc8,0x00000000bbe80000)
 Metaspace       used 80096K, committed 81728K, reserved 1179648K
  class space    used 8320K, committed 9088K, reserved 1048576K
}
Event: 5651.169 GC heap after
{Heap after GC invocations=1338 (full 3):
 PSYoungGen      total 2560K, used 192K [0x00000000d5580000, 0x00000000d5a80000, 0x0000000100000000)
  eden space 2048K, 0% used [0x00000000d5580000,0x00000000d5580000,0x00000000d5780000)
  from space 512K, 37% used [0x00000000d5980000,0x00000000d59b0000,0x00000000d5a00000)
  to   space 512K, 0% used [0x00000000d5a00000,0x00000000d5a00000,0x00000000d5a80000)
 ParOldGen       total 981504K, used 981219K [0x0000000080000000, 0x00000000bbe80000, 0x00000000d5580000)
  object space 981504K, 99% used [0x0000000080000000,0x00000000bbe38fc8,0x00000000bbe80000)
 Metaspace       used 80096K, committed 81728K, reserved 1179648K
  class space    used 8320K, committed 9088K, reserved 1048576K
}
Event: 5651.550 GC heap before
{Heap before GC invocations=1339 (full 3):
 PSYoungGen      total 2560K, used 2239K [0x00000000d5580000, 0x00000000d5a80000, 0x0000000100000000)
  eden space 2048K, 99% used [0x00000000d5580000,0x00000000d577fff8,0x00000000d5780000)
  from space 512K, 37% used [0x00000000d5980000,0x00000000d59b0000,0x00000000d5a00000)
  to   space 512K, 0% used [0x00000000d5a00000,0x00000000d5a00000,0x00000000d5a80000)
 ParOldGen       total 981504K, used 981219K [0x0000000080000000, 0x00000000bbe80000, 0x00000000d5580000)
  object space 981504K, 99% used [0x0000000080000000,0x00000000bbe38fc8,0x00000000bbe80000)
 Metaspace       used 80104K, committed 81728K, reserved 1179648K
  class space    used 8320K, committed 9088K, reserved 1048576K
}
Event: 5651.564 GC heap after
{Heap after GC invocations=1339 (full 3):
 PSYoungGen      total 2560K, used 128K [0x00000000d5580000, 0x00000000d5a80000, 0x0000000100000000)
  eden space 2048K, 0% used [0x00000000d5580000,0x00000000d5580000,0x00000000d5780000)
  from space 512K, 25% used [0x00000000d5a00000,0x00000000d5a20000,0x00000000d5a80000)
  to   space 512K, 0% used [0x00000000d5980000,0x00000000d5980000,0x00000000d5a00000)
 ParOldGen       total 981504K, used 981243K [0x0000000080000000, 0x00000000bbe80000, 0x00000000d5580000)
  object space 981504K, 99% used [0x0000000080000000,0x00000000bbe3efc8,0x00000000bbe80000)
 Metaspace       used 80104K, committed 81728K, reserved 1179648K
  class space    used 8320K, committed 9088K, reserved 1048576K
}
Event: 5653.484 GC heap before
{Heap before GC invocations=1340 (full 3):
 PSYoungGen      total 2560K, used 2175K [0x00000000d5580000, 0x00000000d5a80000, 0x0000000100000000)
  eden space 2048K, 99% used [0x00000000d5580000,0x00000000d577ffe0,0x00000000d5780000)
  from space 512K, 25% used [0x00000000d5a00000,0x00000000d5a20000,0x00000000d5a80000)
  to   space 512K, 0% used [0x00000000d5980000,0x00000000d5980000,0x00000000d5a00000)
 ParOldGen       total 981504K, used 981243K [0x0000000080000000, 0x00000000bbe80000, 0x00000000d5580000)
  object space 981504K, 99% used [0x0000000080000000,0x00000000bbe3efc8,0x00000000bbe80000)
 Metaspace       used 80109K, committed 81728K, reserved 1179648K
  class space    used 8320K, committed 9088K, reserved 1048576K
}
Event: 5653.487 GC heap after
{Heap after GC invocations=1340 (full 3):
 PSYoungGen      total 2560K, used 160K [0x00000000d5580000, 0x00000000d5a80000, 0x0000000100000000)
  eden space 2048K, 0% used [0x00000000d5580000,0x00000000d5580000,0x00000000d5780000)
  from space 512K, 31% used [0x00000000d5980000,0x00000000d59a8000,0x00000000d5a00000)
  to   space 512K, 0% used [0x00000000d5a00000,0x00000000d5a00000,0x00000000d5a80000)
 ParOldGen       total 981504K, used 981267K [0x0000000080000000, 0x00000000bbe80000, 0x00000000d5580000)
  object space 981504K, 99% used [0x0000000080000000,0x00000000bbe44fc8,0x00000000bbe80000)
 Metaspace       used 80109K, committed 81728K, reserved 1179648K
  class space    used 8320K, committed 9088K, reserved 1048576K
}
Event: 5653.612 GC heap before
{Heap before GC invocations=1341 (full 3):
 PSYoungGen      total 2560K, used 2208K [0x00000000d5580000, 0x00000000d5a80000, 0x0000000100000000)
  eden space 2048K, 100% used [0x00000000d5580000,0x00000000d5780000,0x00000000d5780000)
  from space 512K, 31% used [0x00000000d5980000,0x00000000d59a8000,0x00000000d5a00000)
  to   space 512K, 0% used [0x00000000d5a00000,0x00000000d5a00000,0x00000000d5a80000)
 ParOldGen       total 981504K, used 981267K [0x0000000080000000, 0x00000000bbe80000, 0x00000000d5580000)
  object space 981504K, 99% used [0x0000000080000000,0x00000000bbe44fc8,0x00000000bbe80000)
 Metaspace       used 80110K, committed 81728K, reserved 1179648K
  class space    used 8320K, committed 9088K, reserved 1048576K
}
Event: 5653.615 GC heap after
{Heap after GC invocations=1341 (full 3):
 PSYoungGen      total 2560K, used 266K [0x00000000d5580000, 0x00000000d5a80000, 0x0000000100000000)
  eden space 2048K, 0% used [0x00000000d5580000,0x00000000d5580000,0x00000000d5780000)
  from space 512K, 52% used [0x00000000d5a00000,0x00000000d5a42910,0x00000000d5a80000)
  to   space 512K, 0% used [0x00000000d5980000,0x00000000d5980000,0x00000000d5a00000)
 ParOldGen       total 981504K, used 981267K [0x0000000080000000, 0x00000000bbe80000, 0x00000000d5580000)
  object space 981504K, 99% used [0x0000000080000000,0x00000000bbe44fc8,0x00000000bbe80000)
 Metaspace       used 80110K, committed 81728K, reserved 1179648K
  class space    used 8320K, committed 9088K, reserved 1048576K
}
Event: 5653.634 GC heap before
{Heap before GC invocations=1342 (full 3):
 PSYoungGen      total 2560K, used 2248K [0x00000000d5580000, 0x00000000d5a80000, 0x0000000100000000)
  eden space 2048K, 96% used [0x00000000d5580000,0x00000000d576fa40,0x00000000d5780000)
  from space 512K, 52% used [0x00000000d5a00000,0x00000000d5a42910,0x00000000d5a80000)
  to   space 512K, 0% used [0x00000000d5980000,0x00000000d5980000,0x00000000d5a00000)
 ParOldGen       total 981504K, used 981267K [0x0000000080000000, 0x00000000bbe80000, 0x00000000d5580000)
  object space 981504K, 99% used [0x0000000080000000,0x00000000bbe44fc8,0x00000000bbe80000)
 Metaspace       used 80125K, committed 81728K, reserved 1179648K
  class space    used 8321K, committed 9088K, reserved 1048576K
}
Event: 5653.639 GC heap after
{Heap after GC invocations=1342 (full 3):
 PSYoungGen      total 2560K, used 352K [0x00000000d5580000, 0x00000000d5a80000, 0x0000000100000000)
  eden space 2048K, 0% used [0x00000000d5580000,0x00000000d5580000,0x00000000d5780000)
  from space 512K, 68% used [0x00000000d5980000,0x00000000d59d8000,0x00000000d5a00000)
  to   space 512K, 0% used [0x00000000d5a00000,0x00000000d5a00000,0x00000000d5a80000)
 ParOldGen       total 981504K, used 981448K [0x0000000080000000, 0x00000000bbe80000, 0x00000000d5580000)
  object space 981504K, 99% used [0x0000000080000000,0x00000000bbe721d8,0x00000000bbe80000)
 Metaspace       used 80125K, committed 81728K, reserved 1179648K
  class space    used 8321K, committed 9088K, reserved 1048576K
}
Event: 5653.759 GC heap before
{Heap before GC invocations=1343 (full 3):
 PSYoungGen      total 2560K, used 2400K [0x00000000d5580000, 0x00000000d5a80000, 0x0000000100000000)
  eden space 2048K, 100% used [0x00000000d5580000,0x00000000d5780000,0x00000000d5780000)
  from space 512K, 68% used [0x00000000d5980000,0x00000000d59d8000,0x00000000d5a00000)
  to   space 512K, 0% used [0x00000000d5a00000,0x00000000d5a00000,0x00000000d5a80000)
 ParOldGen       total 981504K, used 981448K [0x0000000080000000, 0x00000000bbe80000, 0x00000000d5580000)
  object space 981504K, 99% used [0x0000000080000000,0x00000000bbe721d8,0x00000000bbe80000)
 Metaspace       used 80125K, committed 81728K, reserved 1179648K
  class space    used 8321K, committed 9088K, reserved 1048576K
}
Event: 5653.762 GC heap after
{Heap after GC invocations=1343 (full 3):
 PSYoungGen      total 2560K, used 154K [0x00000000d5580000, 0x00000000d5a80000, 0x0000000100000000)
  eden space 2048K, 0% used [0x00000000d5580000,0x00000000d5580000,0x00000000d5780000)
  from space 512K, 30% used [0x00000000d5a00000,0x00000000d5a26900,0x00000000d5a80000)
  to   space 512K, 0% used [0x00000000d5980000,0x00000000d5980000,0x00000000d5a00000)
 ParOldGen       total 982016K, used 981773K [0x0000000080000000, 0x00000000bbf00000, 0x00000000d5580000)
  object space 982016K, 99% used [0x0000000080000000,0x00000000bbec3458,0x00000000bbf00000)
 Metaspace       used 80125K, committed 81728K, reserved 1179648K
  class space    used 8321K, committed 9088K, reserved 1048576K
}
Event: 5653.771 GC heap before
{Heap before GC invocations=1344 (full 3):
 PSYoungGen      total 2560K, used 2202K [0x00000000d5580000, 0x00000000d5a80000, 0x0000000100000000)
  eden space 2048K, 100% used [0x00000000d5580000,0x00000000d5780000,0x00000000d5780000)
  from space 512K, 30% used [0x00000000d5a00000,0x00000000d5a26900,0x00000000d5a80000)
  to   space 512K, 0% used [0x00000000d5980000,0x00000000d5980000,0x00000000d5a00000)
 ParOldGen       total 982016K, used 981773K [0x0000000080000000, 0x00000000bbf00000, 0x00000000d5580000)
  object space 982016K, 99% used [0x0000000080000000,0x00000000bbec3458,0x00000000bbf00000)
 Metaspace       used 80128K, committed 81728K, reserved 1179648K
  class space    used 8321K, committed 9088K, reserved 1048576K
}
Event: 5653.775 GC heap after
{Heap after GC invocations=1344 (full 3):
 PSYoungGen      total 2560K, used 416K [0x00000000d5580000, 0x00000000d5a80000, 0x0000000100000000)
  eden space 2048K, 0% used [0x00000000d5580000,0x00000000d5580000,0x00000000d5780000)
  from space 512K, 81% used [0x00000000d5980000,0x00000000d59e8000,0x00000000d5a00000)
  to   space 512K, 0% used [0x00000000d5a00000,0x00000000d5a00000,0x00000000d5a80000)
 ParOldGen       total 982016K, used 981873K [0x0000000080000000, 0x00000000bbf00000, 0x00000000d5580000)
  object space 982016K, 99% used [0x0000000080000000,0x00000000bbedc658,0x00000000bbf00000)
 Metaspace       used 80128K, committed 81728K, reserved 1179648K
  class space    used 8321K, committed 9088K, reserved 1048576K
}
Event: 5654.110 GC heap before
{Heap before GC invocations=1345 (full 3):
 PSYoungGen      total 2560K, used 2461K [0x00000000d5580000, 0x00000000d5a80000, 0x0000000100000000)
  eden space 2048K, 99% used [0x00000000d5580000,0x00000000d577f690,0x00000000d5780000)
  from space 512K, 81% used [0x00000000d5980000,0x00000000d59e8000,0x00000000d5a00000)
  to   space 512K, 0% used [0x00000000d5a00000,0x00000000d5a00000,0x00000000d5a80000)
 ParOldGen       total 982016K, used 981873K [0x0000000080000000, 0x00000000bbf00000, 0x00000000d5580000)
  object space 982016K, 99% used [0x0000000080000000,0x00000000bbedc658,0x00000000bbf00000)
 Metaspace       used 80179K, committed 81792K, reserved 1179648K
  class space    used 8321K, committed 9088K, reserved 1048576K
}
Event: 5654.113 GC heap after
{Heap after GC invocations=1345 (full 3):
 PSYoungGen      total 2560K, used 340K [0x00000000d5580000, 0x00000000d5a80000, 0x0000000100000000)
  eden space 2048K, 0% used [0x00000000d5580000,0x00000000d5580000,0x00000000d5780000)
  from space 512K, 66% used [0x00000000d5a00000,0x00000000d5a55200,0x00000000d5a80000)
  to   space 512K, 0% used [0x00000000d5980000,0x00000000d5980000,0x00000000d5a00000)
 ParOldGen       total 982528K, used 982201K [0x0000000080000000, 0x00000000bbf80000, 0x00000000d5580000)
  object space 982528K, 99% used [0x0000000080000000,0x00000000bbf2e668,0x00000000bbf80000)
 Metaspace       used 80179K, committed 81792K, reserved 1179648K
  class space    used 8321K, committed 9088K, reserved 1048576K
}
Event: 5654.119 GC heap before
{Heap before GC invocations=1346 (full 3):
 PSYoungGen      total 2560K, used 1905K [0x00000000d5580000, 0x00000000d5a80000, 0x0000000100000000)
  eden space 2048K, 76% used [0x00000000d5580000,0x00000000d57073b0,0x00000000d5780000)
  from space 512K, 66% used [0x00000000d5a00000,0x00000000d5a55200,0x00000000d5a80000)
  to   space 512K, 0% used [0x00000000d5980000,0x00000000d5980000,0x00000000d5a00000)
 ParOldGen       total 982528K, used 982201K [0x0000000080000000, 0x00000000bbf80000, 0x00000000d5580000)
  object space 982528K, 99% used [0x0000000080000000,0x00000000bbf2e668,0x00000000bbf80000)
 Metaspace       used 80194K, committed 81792K, reserved 1179648K
  class space    used 8321K, committed 9088K, reserved 1048576K
}
Event: 5654.122 GC heap after
{Heap after GC invocations=1346 (full 3):
 PSYoungGen      total 2560K, used 352K [0x00000000d5580000, 0x00000000d5a80000, 0x0000000100000000)
  eden space 2048K, 0% used [0x00000000d5580000,0x00000000d5580000,0x00000000d5780000)
  from space 512K, 68% used [0x00000000d5980000,0x00000000d59d8000,0x00000000d5a00000)
  to   space 512K, 0% used [0x00000000d5a00000,0x00000000d5a00000,0x00000000d5a80000)
 ParOldGen       total 982528K, used 982470K [0x0000000080000000, 0x00000000bbf80000, 0x00000000d5580000)
  object space 982528K, 99% used [0x0000000080000000,0x00000000bbf71868,0x00000000bbf80000)
 Metaspace       used 80194K, committed 81792K, reserved 1179648K
  class space    used 8321K, committed 9088K, reserved 1048576K
}
Event: 5654.122 GC heap before
{Heap before GC invocations=1347 (full 4):
 PSYoungGen      total 2560K, used 352K [0x00000000d5580000, 0x00000000d5a80000, 0x0000000100000000)
  eden space 2048K, 0% used [0x00000000d5580000,0x00000000d5580000,0x00000000d5780000)
  from space 512K, 68% used [0x00000000d5980000,0x00000000d59d8000,0x00000000d5a00000)
  to   space 512K, 0% used [0x00000000d5a00000,0x00000000d5a00000,0x00000000d5a80000)
 ParOldGen       total 982528K, used 982470K [0x0000000080000000, 0x00000000bbf80000, 0x00000000d5580000)
  object space 982528K, 99% used [0x0000000080000000,0x00000000bbf71868,0x00000000bbf80000)
 Metaspace       used 80194K, committed 81792K, reserved 1179648K
  class space    used 8321K, committed 9088K, reserved 1048576K
}

Dll operation events (14 events):
Event: 0.024 Loaded shared library c:\Users\thuye\.vscode\extensions\redhat.java-1.44.0-win32-x64\jre\21.0.8-win32-x86_64\bin\java.dll
Event: 0.467 Loaded shared library c:\Users\thuye\.vscode\extensions\redhat.java-1.44.0-win32-x64\jre\21.0.8-win32-x86_64\bin\zip.dll
Event: 0.533 Loaded shared library C:\Users\thuye\.vscode\extensions\redhat.java-1.44.0-win32-x64\jre\21.0.8-win32-x86_64\bin\instrument.dll
Event: 0.567 Loaded shared library C:\Users\thuye\.vscode\extensions\redhat.java-1.44.0-win32-x64\jre\21.0.8-win32-x86_64\bin\net.dll
Event: 0.572 Loaded shared library C:\Users\thuye\.vscode\extensions\redhat.java-1.44.0-win32-x64\jre\21.0.8-win32-x86_64\bin\nio.dll
Event: 0.580 Loaded shared library C:\Users\thuye\.vscode\extensions\redhat.java-1.44.0-win32-x64\jre\21.0.8-win32-x86_64\bin\zip.dll
Event: 0.649 Loaded shared library C:\Users\thuye\.vscode\extensions\redhat.java-1.44.0-win32-x64\jre\21.0.8-win32-x86_64\bin\jimage.dll
Event: 0.813 Loaded shared library c:\Users\thuye\.vscode\extensions\redhat.java-1.44.0-win32-x64\jre\21.0.8-win32-x86_64\bin\verify.dll
Event: 5.443 Loaded shared library C:\Users\thuye\AppData\Roaming\Code\User\globalStorage\redhat.java\1.44.0\config_win\org.eclipse.equinox.launcher\org.eclipse.equinox.launcher.win32.win32.x86_64_1.2.1400.v20250730-1736\eclipse_11913.dll
Event: 9.434 Loaded shared library C:\Users\thuye\.vscode\extensions\redhat.java-1.44.0-win32-x64\jre\21.0.8-win32-x86_64\bin\management.dll
Event: 9.442 Loaded shared library C:\Users\thuye\.vscode\extensions\redhat.java-1.44.0-win32-x64\jre\21.0.8-win32-x86_64\bin\management_ext.dll
Event: 14.811 Loaded shared library C:\Users\thuye\AppData\Local\Temp\jna-110342989\jna4729019421839998830.dll
Event: 15.274 Loaded shared library C:\Users\thuye\.vscode\extensions\redhat.java-1.44.0-win32-x64\jre\21.0.8-win32-x86_64\bin\sunmscapi.dll
Event: 17.222 Loaded shared library C:\Users\thuye\.vscode\extensions\redhat.java-1.44.0-win32-x64\jre\21.0.8-win32-x86_64\bin\extnet.dll

Deoptimization events (20 events):
Event: 5653.622 Thread 0x000002a37ef4f410 DEOPT PACKING pc=0x000002a30886e0cc sp=0x000000edd6cfd690
Event: 5653.622 Thread 0x000002a37ef4f410 DEOPT UNPACKING pc=0x000002a307583aa2 sp=0x000000edd6cfd608 mode 2
Event: 5653.632 Thread 0x000002a37ef4f410 Uncommon trap: trap_request=0xffffff45 fr.pc=0x000002a3088f2208 relative=0x0000000000000b08
Event: 5653.632 Thread 0x000002a37ef4f410 Uncommon trap: reason=unstable_if action=reinterpret pc=0x000002a3088f2208 method=org.eclipse.jdt.internal.core.JavaModel.getWorkspaceTarget(Lorg/eclipse/core/runtime/IPath;)Lorg/eclipse/core/resources/IResource; @ 1 c2
Event: 5653.632 Thread 0x000002a37ef4f410 DEOPT PACKING pc=0x000002a3088f2208 sp=0x000000edd6cfdc20
Event: 5653.632 Thread 0x000002a37ef4f410 DEOPT UNPACKING pc=0x000002a307583aa2 sp=0x000000edd6cfdb80 mode 2
Event: 5653.632 Thread 0x000002a37ef4f410 Uncommon trap: trap_request=0xffffff45 fr.pc=0x000002a3082ee488 relative=0x0000000000003548
Event: 5653.633 Thread 0x000002a37ef4f410 Uncommon trap: reason=unstable_if action=reinterpret pc=0x000002a3082ee488 method=org.eclipse.jdt.internal.core.JavaModel.getExternalTarget(Lorg/eclipse/core/runtime/IPath;Z)Ljava/lang/Object; @ 1 c2
Event: 5653.633 Thread 0x000002a37ef4f410 DEOPT PACKING pc=0x000002a3082ee488 sp=0x000000edd6cfdb60
Event: 5653.633 Thread 0x000002a37ef4f410 DEOPT UNPACKING pc=0x000002a307583aa2 sp=0x000000edd6cfdb68 mode 2
Event: 5653.633 Thread 0x000002a37ef4f410 Uncommon trap: trap_request=0xffffff45 fr.pc=0x000002a3084e1b54 relative=0x00000000000000f4
Event: 5653.633 Thread 0x000002a37ef4f410 Uncommon trap: reason=unstable_if action=reinterpret pc=0x000002a3084e1b54 method=org.eclipse.jdt.internal.core.JavaModel.getWorkspaceTarget(Lorg/eclipse/core/runtime/IPath;)Lorg/eclipse/core/resources/IResource; @ 1 c2
Event: 5653.633 Thread 0x000002a37ef4f410 DEOPT PACKING pc=0x000002a3084e1b54 sp=0x000000edd6cfdbe0
Event: 5653.633 Thread 0x000002a37ef4f410 DEOPT UNPACKING pc=0x000002a307583aa2 sp=0x000000edd6cfdb78 mode 2
Event: 5653.756 Thread 0x000002a37ef514e0 DEOPT PACKING pc=0x000002a300a5deaa sp=0x000000edd6dfe1e0
Event: 5653.756 Thread 0x000002a37ef514e0 DEOPT UNPACKING pc=0x000002a307584242 sp=0x000000edd6dfd6e8 mode 0
Event: 5653.769 Thread 0x000002a37ef514e0 Uncommon trap: trap_request=0xffffffc6 fr.pc=0x000002a30886e0cc relative=0x000000000000384c
Event: 5653.769 Thread 0x000002a37ef514e0 Uncommon trap: reason=bimorphic_or_optimized_type_check action=maybe_recompile pc=0x000002a30886e0cc method=org.eclipse.jdt.internal.compiler.lookup.BinaryTypeBinding.createMethod(Lorg/eclipse/jdt/internal/compiler/env/IBinaryMethod;Lorg/eclipse/jdt/inter
Event: 5653.769 Thread 0x000002a37ef514e0 DEOPT PACKING pc=0x000002a30886e0cc sp=0x000000edd6dfd8f0
Event: 5653.769 Thread 0x000002a37ef514e0 DEOPT UNPACKING pc=0x000002a307583aa2 sp=0x000000edd6dfd868 mode 2

Classes loaded (20 events):
Event: 5535.907 Loading class jdk/internal/ref/CleanerImpl$InnocuousThreadFactory
Event: 5535.908 Loading class jdk/internal/ref/CleanerImpl$InnocuousThreadFactory done
Event: 5593.765 Loading class java/util/stream/ReferencePipeline$4
Event: 5593.766 Loading class java/util/stream/ReferencePipeline$4 done
Event: 5593.767 Loading class java/util/stream/Nodes$IntFixedNodeBuilder
Event: 5593.768 Loading class java/util/stream/Node$Builder$OfInt
Event: 5593.768 Loading class java/util/stream/Node$Builder$OfInt done
Event: 5593.768 Loading class java/util/stream/Nodes$IntArrayNode
Event: 5593.769 Loading class java/util/stream/Nodes$IntArrayNode done
Event: 5593.769 Loading class java/util/stream/Nodes$IntFixedNodeBuilder done
Event: 5593.769 Loading class java/util/stream/ReferencePipeline$4$1
Event: 5593.770 Loading class java/util/stream/ReferencePipeline$4$1 done
Event: 5596.225 Loading class java/util/stream/ReduceOps$5
Event: 5596.225 Loading class java/util/stream/ReduceOps$5 done
Event: 5596.226 Loading class java/util/stream/ReduceOps$CountingSink$OfRef
Event: 5596.226 Loading class java/util/stream/ReduceOps$CountingSink
Event: 5596.226 Loading class java/util/stream/ReduceOps$CountingSink done
Event: 5596.226 Loading class java/util/stream/ReduceOps$CountingSink$OfRef done
Event: 5596.662 Loading class java/nio/BufferMismatch
Event: 5596.663 Loading class java/nio/BufferMismatch done

Classes unloaded (20 events):
Event: 5655.097 Thread 0x000002a36fded730 Unloading class 0x000002a310080000 'java/lang/invoke/LambdaForm$MH+0x000002a310080000'
Event: 5655.097 Thread 0x000002a36fded730 Unloading class 0x000002a31001ec00 'java/lang/invoke/LambdaForm$MH+0x000002a31001ec00'
Event: 5655.097 Thread 0x000002a36fded730 Unloading class 0x000002a31000d800 'java/lang/invoke/LambdaForm$MH+0x000002a31000d800'
Event: 5655.097 Thread 0x000002a36fded730 Unloading class 0x000002a31000d400 'java/lang/invoke/LambdaForm$MH+0x000002a31000d400'
Event: 5655.097 Thread 0x000002a36fded730 Unloading class 0x000002a31000d000 'java/lang/invoke/LambdaForm$MH+0x000002a31000d000'
Event: 5655.097 Thread 0x000002a36fded730 Unloading class 0x000002a31000cc00 'java/lang/invoke/LambdaForm$MH+0x000002a31000cc00'
Event: 5655.097 Thread 0x000002a36fded730 Unloading class 0x000002a31000c800 'java/lang/invoke/LambdaForm$BMH+0x000002a31000c800'
Event: 5655.097 Thread 0x000002a36fded730 Unloading class 0x000002a31000c000 'java/lang/invoke/LambdaForm$DMH+0x000002a31000c000'
Event: 5655.097 Thread 0x000002a36fded730 Unloading class 0x000002a310008c00 'java/lang/invoke/LambdaForm$MH+0x000002a310008c00'
Event: 5655.097 Thread 0x000002a36fded730 Unloading class 0x000002a310008800 'java/lang/invoke/LambdaForm$MH+0x000002a310008800'
Event: 5655.097 Thread 0x000002a36fded730 Unloading class 0x000002a310008400 'java/lang/invoke/LambdaForm$MH+0x000002a310008400'
Event: 5655.097 Thread 0x000002a36fded730 Unloading class 0x000002a310007000 'java/lang/invoke/LambdaForm$MH+0x000002a310007000'
Event: 5655.097 Thread 0x000002a36fded730 Unloading class 0x000002a310006800 'java/lang/invoke/LambdaForm$MH+0x000002a310006800'
Event: 5655.098 Thread 0x000002a36fded730 Unloading class 0x000002a310006400 'java/lang/invoke/LambdaForm$MH+0x000002a310006400'
Event: 5655.098 Thread 0x000002a36fded730 Unloading class 0x000002a310006000 'java/lang/invoke/LambdaForm$MH+0x000002a310006000'
Event: 5655.098 Thread 0x000002a36fded730 Unloading class 0x000002a310005c00 'java/lang/invoke/LambdaForm$BMH+0x000002a310005c00'
Event: 5655.098 Thread 0x000002a36fded730 Unloading class 0x000002a310004800 'java/lang/invoke/LambdaForm$DMH+0x000002a310004800'
Event: 5655.098 Thread 0x000002a36fded730 Unloading class 0x000002a310002400 'java/lang/invoke/LambdaForm$MH+0x000002a310002400'
Event: 5655.098 Thread 0x000002a36fded730 Unloading class 0x000002a310002000 'java/lang/invoke/LambdaForm$MH+0x000002a310002000'
Event: 5655.098 Thread 0x000002a36fded730 Unloading class 0x000002a310001800 'java/lang/invoke/LambdaForm$MH+0x000002a310001800'

Classes redefined (0 events):
No events

Internal exceptions (20 events):
Event: 5593.528 Thread 0x000002a37ef514e0 Exception <a 'sun/nio/fs/WindowsException'{0x00000000d5c643b0}> (0x00000000d5c643b0) 
thrown [s\src\hotspot\share\prims\jni.cpp, line 520]
Event: 5593.823 Thread 0x000002a37d8eb4e0 Exception <a 'java/lang/NoSuchMethodError'{0x00000000d5c13b70}: 'java.lang.Object java.lang.invoke.DirectMethodHandle$Holder.invokeStatic(java.lang.Object, int, int, java.lang.Object)'> (0x00000000d5c13b70) 
thrown [s\src\hotspot\share\interpreter\linkResolver.cpp, line 773]
Event: 5594.145 Thread 0x000002a37d8eb4e0 Exception <a 'java/lang/ArrayIndexOutOfBoundsException'{0x00000000d56ed9d8}: Index 88 out of bounds for length 88> (0x00000000d56ed9d8) 
thrown [s\src\hotspot\share\interpreter\interpreterRuntime.cpp, line 439]
Event: 5594.353 Thread 0x000002a37d8eb4e0 Exception <a 'java/lang/ArrayIndexOutOfBoundsException'{0x00000000d5902448}: Index 92 out of bounds for length 92> (0x00000000d5902448) 
thrown [s\src\hotspot\share\interpreter\interpreterRuntime.cpp, line 439]
Event: 5595.747 Thread 0x000002a37d8eb4e0 Exception <a 'java/lang/IncompatibleClassChangeError'{0x00000000d58bf4b0}: Found class java.lang.Object, but interface was expected> (0x00000000d58bf4b0) 
thrown [s\src\hotspot\share\interpreter\linkResolver.cpp, line 840]
Event: 5596.083 Thread 0x000002a37d8eb4e0 Exception <a 'java/lang/IncompatibleClassChangeError'{0x00000000d56da580}: Found class java.lang.Object, but interface was expected> (0x00000000d56da580) 
thrown [s\src\hotspot\share\interpreter\linkResolver.cpp, line 840]
Event: 5596.083 Thread 0x000002a37d8eb4e0 Exception <a 'java/lang/IncompatibleClassChangeError'{0x00000000d56dc428}: Found class java.lang.Object, but interface was expected> (0x00000000d56dc428) 
thrown [s\src\hotspot\share\interpreter\linkResolver.cpp, line 840]
Event: 5596.222 Thread 0x000002a378a311b0 Implicit null exception at 0x000002a308892020 to 0x000002a30889247c
Event: 5597.418 Thread 0x000002a37ef4f410 Exception <a 'java/lang/ArrayIndexOutOfBoundsException'{0x00000000d578f288}> (0x00000000d578f288) 
thrown [s\src\hotspot\share\runtime\sharedRuntime.cpp, line 625]
Event: 5599.644 Thread 0x000002a37ef514e0 Implicit null exception at 0x000002a30881642e to 0x000002a3088169e0
Event: 5599.869 Thread 0x000002a37ef514e0 Exception <a 'java/lang/ArrayIndexOutOfBoundsException'{0x00000000d57a83c0}: Index 1284 out of bounds for length 1284> (0x00000000d57a83c0) 
thrown [s\src\hotspot\share\interpreter\interpreterRuntime.cpp, line 439]
Event: 5600.286 Thread 0x000002a37ef4e6f0 Exception <a 'java/lang/ArrayIndexOutOfBoundsException'{0x00000000d55e19c0}: Index 1284 out of bounds for length 1284> (0x00000000d55e19c0) 
thrown [s\src\hotspot\share\interpreter\interpreterRuntime.cpp, line 439]
Event: 5607.450 Thread 0x000002a37ef4f410 Exception <a 'java/lang/ArrayIndexOutOfBoundsException'{0x00000000d56d2208}> (0x00000000d56d2208) 
thrown [s\src\hotspot\share\runtime\sharedRuntime.cpp, line 625]
Event: 5607.564 Thread 0x000002a37ef514e0 Exception <a 'java/lang/ArrayIndexOutOfBoundsException'{0x00000000d5809558}> (0x00000000d5809558) 
thrown [s\src\hotspot\share\runtime\sharedRuntime.cpp, line 625]
Event: 5647.539 Thread 0x000002a37ef514e0 Implicit null exception at 0x000002a308912cef to 0x000002a3089130e0
Event: 5649.686 Thread 0x000002a37d8eb4e0 Exception <a 'java/lang/IncompatibleClassChangeError'{0x00000000d5636f98}: Found class java.lang.Object, but interface was expected> (0x00000000d5636f98) 
thrown [s\src\hotspot\share\interpreter\linkResolver.cpp, line 840]
Event: 5651.549 Thread 0x000002a37ef4f410 Exception <a 'java/lang/ArrayIndexOutOfBoundsException'{0x00000000d577eaf8}> (0x00000000d577eaf8) 
thrown [s\src\hotspot\share\runtime\sharedRuntime.cpp, line 625]
Event: 5653.632 Thread 0x000002a37ef4f410 Implicit null exception at 0x000002a3088f1724 to 0x000002a3088f21f4
Event: 5653.632 Thread 0x000002a37ef4f410 Implicit null exception at 0x000002a3082eaf66 to 0x000002a3082ee474
Event: 5653.633 Thread 0x000002a37ef4f410 Implicit null exception at 0x000002a3084e1a7a to 0x000002a3084e1b44

ZGC Phase Switch (0 events):
No events

VM Operations (20 events):
Event: 5651.169 Executing VM operation: ParallelGCFailedAllocation (Allocation Failure) done
Event: 5651.550 Executing VM operation: ParallelGCFailedAllocation (Allocation Failure)
Event: 5651.564 Executing VM operation: ParallelGCFailedAllocation (Allocation Failure) done
Event: 5652.526 Executing VM operation: HandshakeAllThreads (HandshakeForDeflation)
Event: 5652.527 Executing VM operation: HandshakeAllThreads (HandshakeForDeflation) done
Event: 5652.527 Executing VM operation: RendezvousGCThreads
Event: 5652.527 Executing VM operation: RendezvousGCThreads done
Event: 5653.484 Executing VM operation: ParallelGCFailedAllocation (Allocation Failure)
Event: 5653.487 Executing VM operation: ParallelGCFailedAllocation (Allocation Failure) done
Event: 5653.612 Executing VM operation: ParallelGCFailedAllocation (Allocation Failure)
Event: 5653.615 Executing VM operation: ParallelGCFailedAllocation (Allocation Failure) done
Event: 5653.634 Executing VM operation: ParallelGCFailedAllocation (Allocation Failure)
Event: 5653.639 Executing VM operation: ParallelGCFailedAllocation (Allocation Failure) done
Event: 5653.759 Executing VM operation: ParallelGCFailedAllocation (Allocation Failure)
Event: 5653.762 Executing VM operation: ParallelGCFailedAllocation (Allocation Failure) done
Event: 5653.771 Executing VM operation: ParallelGCFailedAllocation (Allocation Failure)
Event: 5653.776 Executing VM operation: ParallelGCFailedAllocation (Allocation Failure) done
Event: 5654.110 Executing VM operation: ParallelGCFailedAllocation (Allocation Failure)
Event: 5654.113 Executing VM operation: ParallelGCFailedAllocation (Allocation Failure) done
Event: 5654.119 Executing VM operation: ParallelGCSystemGC (CodeCache GC Threshold)

Memory protections (0 events):
No events

Nmethod flushes (20 events):
Event: 38.734 Thread 0x000002a36fded730 flushing  nmethod 0x000002a3008f6490
Event: 38.734 Thread 0x000002a36fded730 flushing  nmethod 0x000002a3008f7c10
Event: 38.734 Thread 0x000002a36fded730 flushing  nmethod 0x000002a3008f8210
Event: 38.734 Thread 0x000002a36fded730 flushing  nmethod 0x000002a3008f8a90
Event: 38.734 Thread 0x000002a36fded730 flushing  nmethod 0x000002a300909590
Event: 38.734 Thread 0x000002a36fded730 flushing  nmethod 0x000002a300911d90
Event: 38.734 Thread 0x000002a36fded730 flushing  nmethod 0x000002a300912d10
Event: 38.734 Thread 0x000002a36fded730 flushing  nmethod 0x000002a300913410
Event: 38.734 Thread 0x000002a36fded730 flushing  nmethod 0x000002a300913990
Event: 38.734 Thread 0x000002a36fded730 flushing  nmethod 0x000002a300913d10
Event: 38.734 Thread 0x000002a36fded730 flushing  nmethod 0x000002a300914190
Event: 38.734 Thread 0x000002a36fded730 flushing  nmethod 0x000002a300914790
Event: 38.734 Thread 0x000002a36fded730 flushing  nmethod 0x000002a300917390
Event: 38.734 Thread 0x000002a36fded730 flushing  nmethod 0x000002a30091d690
Event: 38.734 Thread 0x000002a36fded730 flushing  nmethod 0x000002a300920b10
Event: 38.734 Thread 0x000002a36fded730 flushing  nmethod 0x000002a300948410
Event: 38.734 Thread 0x000002a36fded730 flushing  nmethod 0x000002a30095aa10
Event: 38.734 Thread 0x000002a36fded730 flushing  nmethod 0x000002a300965e10
Event: 38.734 Thread 0x000002a36fded730 flushing  nmethod 0x000002a300969610
Event: 38.734 Thread 0x000002a36fded730 flushing  nmethod 0x000002a300986290

Events (20 events):
Event: 5593.106 Thread 0x000002a37778a480 Thread added: 0x000002a37d9afcf0
Event: 5593.531 Thread 0x000002a37d9afcf0 Thread exited: 0x000002a37d9afcf0
Event: 5593.658 Thread 0x000002a37778a480 Thread added: 0x000002a37d9afcf0
Event: 5595.674 Thread 0x000002a37d9afcf0 Thread exited: 0x000002a37d9afcf0
Event: 5595.752 Thread 0x000002a37778a480 Thread added: 0x000002a37d9a8ff0
Event: 5596.080 Thread 0x000002a37d9a8ff0 Thread exited: 0x000002a37d9a8ff0
Event: 5596.173 Thread 0x000002a37ef50130 Thread added: 0x000002a37d8e7340
Event: 5596.211 Thread 0x000002a37778a480 Thread added: 0x000002a37d9ab8d0
Event: 5596.332 Thread 0x000002a37d8e7340 Thread added: 0x000002a37d8e5f90
Event: 5596.360 Thread 0x000002a37d9ab8d0 Thread exited: 0x000002a37d9ab8d0
Event: 5596.390 Thread 0x000002a37d8e7340 Thread added: 0x000002a359e959c0
Event: 5596.467 Thread 0x000002a37d8e7340 Thread added: 0x000002a359e93f80
Event: 5596.763 Thread 0x000002a37778a480 Thread added: 0x000002a37d9ab200
Event: 5597.022 Thread 0x000002a37d9ab200 Thread exited: 0x000002a37d9ab200
Event: 5599.577 Thread 0x000002a37778a480 Thread added: 0x000002a37d9ab8d0
Event: 5605.598 Thread 0x000002a37d9ab8d0 Thread exited: 0x000002a37d9ab8d0
Event: 5606.055 Thread 0x000002a37778a480 Thread added: 0x000002a37d9adae0
Event: 5607.197 Thread 0x000002a37d9adae0 Thread exited: 0x000002a37d9adae0
Event: 5607.268 Thread 0x000002a37778a480 Thread added: 0x000002a37d9af620
Event: 5610.261 Thread 0x000002a37d9af620 Thread exited: 0x000002a37d9af620


Dynamic libraries:
0x00007ff7c2130000 - 0x00007ff7c213e000 	c:\Users\thuye\.vscode\extensions\redhat.java-1.44.0-win32-x64\jre\21.0.8-win32-x86_64\bin\java.exe
0x00007ffb3e970000 - 0x00007ffb3eb68000 	C:\WINDOWS\SYSTEM32\ntdll.dll
0x00007ffb3cb30000 - 0x00007ffb3cbf2000 	C:\WINDOWS\System32\KERNEL32.DLL
0x00007ffb3c230000 - 0x00007ffb3c526000 	C:\WINDOWS\System32\KERNELBASE.dll
0x00007ffb3c530000 - 0x00007ffb3c630000 	C:\WINDOWS\System32\ucrtbase.dll
0x00007ffb30fe0000 - 0x00007ffb30ff8000 	c:\Users\thuye\.vscode\extensions\redhat.java-1.44.0-win32-x64\jre\21.0.8-win32-x86_64\bin\jli.dll
0x00007ffb3d520000 - 0x00007ffb3d6bd000 	C:\WINDOWS\System32\USER32.dll
0x00007ffb3c080000 - 0x00007ffb3c0a2000 	C:\WINDOWS\System32\win32u.dll
0x00007ffb3cd70000 - 0x00007ffb3cd9b000 	C:\WINDOWS\System32\GDI32.dll
0x00007ffb3c870000 - 0x00007ffb3c989000 	C:\WINDOWS\System32\gdi32full.dll
0x00007ffb3c160000 - 0x00007ffb3c1fd000 	C:\WINDOWS\System32\msvcp_win.dll
0x00007ffb2f950000 - 0x00007ffb2f96e000 	c:\Users\thuye\.vscode\extensions\redhat.java-1.44.0-win32-x64\jre\21.0.8-win32-x86_64\bin\VCRUNTIME140.dll
0x00007ffb243e0000 - 0x00007ffb2467a000 	C:\WINDOWS\WinSxS\amd64_microsoft.windows.common-controls_6595b64144ccf1df_6.0.19041.5915_none_60b4b9d171f9c7c7\COMCTL32.dll
0x00007ffb3cc00000 - 0x00007ffb3cc9e000 	C:\WINDOWS\System32\msvcrt.dll
0x00007ffb3d080000 - 0x00007ffb3d0af000 	C:\WINDOWS\System32\IMM32.DLL
0x00007ffb35b10000 - 0x00007ffb35b1c000 	c:\Users\thuye\.vscode\extensions\redhat.java-1.44.0-win32-x64\jre\21.0.8-win32-x86_64\bin\vcruntime140_1.dll
0x00007ffb15190000 - 0x00007ffb1521d000 	c:\Users\thuye\.vscode\extensions\redhat.java-1.44.0-win32-x64\jre\21.0.8-win32-x86_64\bin\msvcp140.dll
0x00007ffacce00000 - 0x00007ffacdb97000 	c:\Users\thuye\.vscode\extensions\redhat.java-1.44.0-win32-x64\jre\21.0.8-win32-x86_64\bin\server\jvm.dll
0x00007ffb3d120000 - 0x00007ffb3d1d1000 	C:\WINDOWS\System32\ADVAPI32.dll
0x00007ffb3d480000 - 0x00007ffb3d51f000 	C:\WINDOWS\System32\sechost.dll
0x00007ffb3e430000 - 0x00007ffb3e553000 	C:\WINDOWS\System32\RPCRT4.dll
0x00007ffb3c200000 - 0x00007ffb3c227000 	C:\WINDOWS\System32\bcrypt.dll
0x00007ffb3d0b0000 - 0x00007ffb3d11b000 	C:\WINDOWS\System32\WS2_32.dll
0x00007ffb3be60000 - 0x00007ffb3beab000 	C:\WINDOWS\SYSTEM32\POWRPROF.dll
0x00007ffb32df0000 - 0x00007ffb32e17000 	C:\WINDOWS\SYSTEM32\WINMM.dll
0x00007ffb30e70000 - 0x00007ffb30e7a000 	C:\WINDOWS\SYSTEM32\VERSION.dll
0x00007ffb3be40000 - 0x00007ffb3be52000 	C:\WINDOWS\SYSTEM32\UMPDC.dll
0x00007ffb3a7e0000 - 0x00007ffb3a7f2000 	C:\WINDOWS\SYSTEM32\kernel.appcore.dll
0x00007ffb2ef70000 - 0x00007ffb2ef7a000 	c:\Users\thuye\.vscode\extensions\redhat.java-1.44.0-win32-x64\jre\21.0.8-win32-x86_64\bin\jimage.dll
0x00007ffb39df0000 - 0x00007ffb39ff1000 	C:\WINDOWS\SYSTEM32\DBGHELP.DLL
0x00007ffb1ca00000 - 0x00007ffb1ca34000 	C:\WINDOWS\SYSTEM32\dbgcore.DLL
0x00007ffb3c680000 - 0x00007ffb3c702000 	C:\WINDOWS\System32\bcryptPrimitives.dll
0x00007ffb2ef60000 - 0x00007ffb2ef6f000 	c:\Users\thuye\.vscode\extensions\redhat.java-1.44.0-win32-x64\jre\21.0.8-win32-x86_64\bin\instrument.dll
0x00007ffb27ec0000 - 0x00007ffb27edf000 	c:\Users\thuye\.vscode\extensions\redhat.java-1.44.0-win32-x64\jre\21.0.8-win32-x86_64\bin\java.dll
0x00007ffb3dbb0000 - 0x00007ffb3e31e000 	C:\WINDOWS\System32\SHELL32.dll
0x00007ffb3a000000 - 0x00007ffb3a7a4000 	C:\WINDOWS\SYSTEM32\windows.storage.dll
0x00007ffb3e570000 - 0x00007ffb3e8c3000 	C:\WINDOWS\System32\combase.dll
0x00007ffb3b880000 - 0x00007ffb3b8ab000 	C:\WINDOWS\SYSTEM32\Wldp.dll
0x00007ffb3cca0000 - 0x00007ffb3cd6d000 	C:\WINDOWS\System32\OLEAUT32.dll
0x00007ffb3cfd0000 - 0x00007ffb3d07d000 	C:\WINDOWS\System32\SHCORE.dll
0x00007ffb3e3d0000 - 0x00007ffb3e42b000 	C:\WINDOWS\System32\shlwapi.dll
0x00007ffb3bf30000 - 0x00007ffb3bf54000 	C:\WINDOWS\SYSTEM32\profapi.dll
0x00007ffb27620000 - 0x00007ffb27638000 	c:\Users\thuye\.vscode\extensions\redhat.java-1.44.0-win32-x64\jre\21.0.8-win32-x86_64\bin\zip.dll
0x00007ffb288c0000 - 0x00007ffb288d0000 	C:\Users\thuye\.vscode\extensions\redhat.java-1.44.0-win32-x64\jre\21.0.8-win32-x86_64\bin\net.dll
0x00007ffb2c320000 - 0x00007ffb2c42a000 	C:\WINDOWS\SYSTEM32\WINHTTP.dll
0x00007ffb3b660000 - 0x00007ffb3b6ca000 	C:\WINDOWS\system32\mswsock.dll
0x00007ffb26ff0000 - 0x00007ffb27006000 	C:\Users\thuye\.vscode\extensions\redhat.java-1.44.0-win32-x64\jre\21.0.8-win32-x86_64\bin\nio.dll
0x00007ffb28650000 - 0x00007ffb28660000 	c:\Users\thuye\.vscode\extensions\redhat.java-1.44.0-win32-x64\jre\21.0.8-win32-x86_64\bin\verify.dll
0x00007ffb15750000 - 0x00007ffb15795000 	C:\Users\thuye\AppData\Roaming\Code\User\globalStorage\redhat.java\1.44.0\config_win\org.eclipse.equinox.launcher\org.eclipse.equinox.launcher.win32.win32.x86_64_1.2.1400.v20250730-1736\eclipse_11913.dll
0x00007ffb3d350000 - 0x00007ffb3d47b000 	C:\WINDOWS\System32\ole32.dll
0x00007ffb27900000 - 0x00007ffb2790a000 	C:\Users\thuye\.vscode\extensions\redhat.java-1.44.0-win32-x64\jre\21.0.8-win32-x86_64\bin\management.dll
0x00007ffb278f0000 - 0x00007ffb278fb000 	C:\Users\thuye\.vscode\extensions\redhat.java-1.44.0-win32-x64\jre\21.0.8-win32-x86_64\bin\management_ext.dll
0x00007ffb3e560000 - 0x00007ffb3e568000 	C:\WINDOWS\System32\PSAPI.DLL
0x00007ffb3b8c0000 - 0x00007ffb3b8d8000 	C:\WINDOWS\SYSTEM32\CRYPTSP.dll
0x00007ffb3afa0000 - 0x00007ffb3afd8000 	C:\WINDOWS\system32\rsaenh.dll
0x00007ffb3bef0000 - 0x00007ffb3bf1e000 	C:\WINDOWS\SYSTEM32\USERENV.dll
0x00007ffb3b7f0000 - 0x00007ffb3b7fc000 	C:\WINDOWS\SYSTEM32\CRYPTBASE.dll
0x00007ffb3b360000 - 0x00007ffb3b39b000 	C:\WINDOWS\SYSTEM32\IPHLPAPI.DLL
0x00007ffb3d720000 - 0x00007ffb3d728000 	C:\WINDOWS\System32\NSI.dll
0x00007ffb150f0000 - 0x00007ffb15139000 	C:\Users\thuye\AppData\Local\Temp\jna-110342989\jna4729019421839998830.dll
0x00007ffb2c5a0000 - 0x00007ffb2c5b7000 	C:\WINDOWS\SYSTEM32\dhcpcsvc6.DLL
0x00007ffb2e660000 - 0x00007ffb2e67d000 	C:\WINDOWS\SYSTEM32\dhcpcsvc.DLL
0x00007ffb27710000 - 0x00007ffb2771e000 	C:\Users\thuye\.vscode\extensions\redhat.java-1.44.0-win32-x64\jre\21.0.8-win32-x86_64\bin\sunmscapi.dll
0x00007ffb3c710000 - 0x00007ffb3c86d000 	C:\WINDOWS\System32\CRYPT32.dll
0x00007ffb3b9d0000 - 0x00007ffb3b9f7000 	C:\WINDOWS\SYSTEM32\ncrypt.dll
0x00007ffb3b990000 - 0x00007ffb3b9cb000 	C:\WINDOWS\SYSTEM32\NTASN1.dll
0x00007ffb3b3a0000 - 0x00007ffb3b46a000 	C:\WINDOWS\SYSTEM32\DNSAPI.dll
0x00007ffb2edf0000 - 0x00007ffb2edfa000 	C:\Windows\System32\rasadhlp.dll
0x00007ffb2c0a0000 - 0x00007ffb2c120000 	C:\WINDOWS\System32\fwpuclnt.dll
0x00007ffb274b0000 - 0x00007ffb274b9000 	C:\Users\thuye\.vscode\extensions\redhat.java-1.44.0-win32-x64\jre\21.0.8-win32-x86_64\bin\extnet.dll
0x00007ffb3b1f0000 - 0x00007ffb3b223000 	C:\WINDOWS\SYSTEM32\ntmarta.dll

JVMTI agents:
c:\Users\thuye\.vscode\extensions\redhat.java-1.44.0-win32-x64\lombok\lombok-1.18.39-4050.jar path:c:\Users\thuye\.vscode\extensions\redhat.java-1.44.0-win32-x64\jre\21.0.8-win32-x86_64\bin\instrument.dll, loaded, initialized, instrumentlib options:none

dbghelp: loaded successfully - version: 4.0.5 - missing functions: none
symbol engine: initialized successfully - sym options: 0x614 - pdb path: .;c:\Users\thuye\.vscode\extensions\redhat.java-1.44.0-win32-x64\jre\21.0.8-win32-x86_64\bin;C:\WINDOWS\SYSTEM32;C:\WINDOWS\WinSxS\amd64_microsoft.windows.common-controls_6595b64144ccf1df_6.0.19041.5915_none_60b4b9d171f9c7c7;c:\Users\thuye\.vscode\extensions\redhat.java-1.44.0-win32-x64\jre\21.0.8-win32-x86_64\bin\server;C:\Users\thuye\AppData\Roaming\Code\User\globalStorage\redhat.java\1.44.0\config_win\org.eclipse.equinox.launcher\org.eclipse.equinox.launcher.win32.win32.x86_64_1.2.1400.v20250730-1736;C:\Users\thuye\AppData\Local\Temp\jna-110342989

VM Arguments:
jvm_args: --add-modules=ALL-SYSTEM --add-opens=java.base/java.util=ALL-UNNAMED --add-opens=java.base/java.lang=ALL-UNNAMED --add-opens=java.base/sun.nio.fs=ALL-UNNAMED -Declipse.application=org.eclipse.jdt.ls.core.id1 -Dosgi.bundles.defaultStartLevel=4 -Declipse.product=org.eclipse.jdt.ls.core.product -Djava.import.generatesMetadataFilesAtProjectRoot=false -DDetectVMInstallationsJob.disabled=true -Dfile.encoding=utf8 -XX:+UseParallelGC -XX:GCTimeRatio=4 -XX:AdaptiveSizePolicyWeight=90 -Dsun.zip.disableMemoryMapping=true -Xmx2G -Xms100m -Xlog:disable -javaagent:c:\Users\thuye\.vscode\extensions\redhat.java-1.44.0-win32-x64\lombok\lombok-1.18.39-4050.jar -XX:+HeapDumpOnOutOfMemoryError -XX:HeapDumpPath=c:\Users\thuye\AppData\Roaming\Code\User\workspaceStorage\fbc1b6902c9b655d86d16ad90f369ca1\redhat.java -Daether.dependencyCollector.impl=bf 
java_command: c:\Users\thuye\.vscode\extensions\redhat.java-1.44.0-win32-x64\server\plugins\org.eclipse.equinox.launcher_1.7.0.v20250519-0528.jar -configuration c:\Users\thuye\AppData\Roaming\Code\User\globalStorage\redhat.java\1.44.0\config_win -data c:\Users\thuye\AppData\Roaming\Code\User\workspaceStorage\fbc1b6902c9b655d86d16ad90f369ca1\redhat.java\jdt_ws --pipe=\\.\pipe\lsp-940d5eede3cfb8120d6056fa6e3b3e88-sock
java_class_path (initial): c:\Users\thuye\.vscode\extensions\redhat.java-1.44.0-win32-x64\server\plugins\org.eclipse.equinox.launcher_1.7.0.v20250519-0528.jar
Launcher Type: SUN_STANDARD

[Global flags]
    uintx AdaptiveSizePolicyWeight                 = 90                                        {product} {command line}
     intx CICompilerCount                          = 3                                         {product} {ergonomic}
    uintx GCTimeRatio                              = 4                                         {product} {command line}
     bool HeapDumpOnOutOfMemoryError               = true                                   {manageable} {command line}
    ccstr HeapDumpPath                             = c:\Users\thuye\AppData\Roaming\Code\User\workspaceStorage\fbc1b6902c9b655d86d16ad90f369ca1\redhat.java         {manageable} {command line}
   size_t InitialHeapSize                          = 104857600                                 {product} {command line}
   size_t MaxHeapSize                              = 2147483648                                {product} {command line}
   size_t MaxNewSize                               = 715653120                                 {product} {ergonomic}
   size_t MinHeapDeltaBytes                        = 524288                                    {product} {ergonomic}
   size_t MinHeapSize                              = 104857600                                 {product} {command line}
   size_t NewSize                                  = 34603008                                  {product} {ergonomic}
    uintx NonNMethodCodeHeapSize                   = 5832780                                {pd product} {ergonomic}
    uintx NonProfiledCodeHeapSize                  = 122912730                              {pd product} {ergonomic}
   size_t OldSize                                  = 70254592                                  {product} {ergonomic}
    uintx ProfiledCodeHeapSize                     = 122912730                              {pd product} {ergonomic}
    uintx ReservedCodeCacheSize                    = 251658240                              {pd product} {ergonomic}
     bool SegmentedCodeCache                       = true                                      {product} {ergonomic}
   size_t SoftMaxHeapSize                          = 2147483648                             {manageable} {ergonomic}
     bool UseCompressedOops                        = true                           {product lp64_product} {ergonomic}
     bool UseLargePagesIndividualAllocation        = false                                  {pd product} {ergonomic}
     bool UseParallelGC                            = true                                      {product} {command line}

Logging:
Log output configuration:
 #0: stdout all=off uptime,level,tags foldmultilines=false
 #1: stderr all=off uptime,level,tags foldmultilines=false

Environment Variables:
PATH=C:\Program Files\Common Files\Oracle\Java\javapath;C:\WINDOWS\system32;C:\WINDOWS;C:\WINDOWS\System32\Wbem;C:\WINDOWS\System32\WindowsPowerShell\v1.0\;C:\WINDOWS\System32\OpenSSH\;C:\msys64\ucrt64\bin;C:\Program Files\Java\jdk-23\bin;C:\Program Files\Git\cmd;C:\ProgramData\chocolatey\bin;C:\ProgramData\chocolatey\lib\maven\apache-maven-3.9.9\bin;C:\Program Files\MySQL\MySQL Server 8.0\bin;C:\dev\flutter_windows_3.29.3-stable\flutter\bin;C:\Users\thuye\AppData\Local\Android\Sdk\platform-tools;C:\dev\flutter_windows_3.29.3-stable\flutter\bin\cache\dart-sdk\bin;C:\Users\thuye\AppData\Local\Pub\Cache\bin;C:\Program Files\dotnet\;C:\Program Files\nodejs\;C:\Users\thuye\AppData\Local\Microsoft\WindowsApps;C:\Users\thuye\AppData\Local\Programs\Microsoft VS Code\bin;C:\msys64\ucrt64\bin;C:\dev\flutter;C:\Users\thuye\AppData\Roaming\npm;C:\Users\thuye\.dotnet\tools
USERNAME=thuye
OS=Windows_NT
PROCESSOR_IDENTIFIER=Intel64 Family 6 Model 78 Stepping 3, GenuineIntel
TMP=C:\Users\thuye\AppData\Local\Temp
TEMP=C:\Users\thuye\AppData\Local\Temp




Periodic native trim disabled

---------------  S Y S T E M  ---------------

OS:
 Windows 10 , 64 bit Build 19041 (10.0.19041.5915)
OS uptime: 3 days 23:23 hours
Hyper-V role detected

CPU: total 4 (initial active 4) (2 cores per cpu, 2 threads per core) family 6 model 78 stepping 3 microcode 0xf0, cx8, cmov, fxsr, ht, mmx, 3dnowpref, sse, sse2, sse3, ssse3, sse4.1, sse4.2, popcnt, lzcnt, tsc, tscinvbit, avx, avx2, aes, erms, clmul, bmi1, bmi2, rtm, adx, fma, vzeroupper, clflush, clflushopt, hv, rdtscp, f16c
Processor Information for the first 4 processors :
  Max Mhz: 2496, Current Mhz: 2396, Mhz Limit: 2396

Memory: 4k page, system-wide physical 8070M (425M free)
TotalPageFile size 16141M (AvailPageFile size 2963M)
current process WorkingSet (physical memory assigned to process): 673M, peak: 1112M
current process commit charge ("private bytes"): 1293M, peak: 1298M

vm_info: OpenJDK 64-Bit Server VM (21.0.8+9-LTS) for windows-amd64 JRE (21.0.8+9-LTS), built on 2025-07-15T00:00:00Z by "admin" with MS VC++ 17.7 (VS2022)

END.
